[ 2017-06-02T23:10:07+08:00 ] 127.0.0.1 /index.php?g=WeChat
NOTIC: 
INFO: 
INFO: 
INFO: 
INFO: 
NOTIC: 
NOTIC: 
NOTIC: 
NOTIC: 
SQL: 
NOTIC: 
SQL: 
SQL: 
NOTIC: 
NOTIC: 
INFO: 
INFO: 
INFO: 
INFO: 
NOTIC: 
INFO: 
INFO: 
INFO: 
INFO: 
INFO: 
INFO: 
INFO: 
INFO: 
INFO: 
INFO: 
INFO: 

[ 2017-06-02T23:15:08+08:00 ] 127.0.0.1 /index.php?g=WeChat
NOTIC: 
INFO: 
INFO: 
INFO: 
INFO: 
NOTIC: 
NOTIC: 
NOTIC: 
NOTIC: 
SQL: 
NOTIC: 
SQL: 
SQL: 
NOTIC: 
NOTIC: 
INFO: 
INFO: 
INFO: 
INFO: 
NOTIC: 
INFO: 
INFO: 
INFO: 
INFO: 
INFO: 
INFO: 
INFO: 
INFO: 
INFO: 
INFO: 
INFO: 

[ 2017-06-02T23:15:49+08:00 ] 127.0.0.1 /index.php?g=WeChat
NOTIC: 
INFO: 
INFO: 
INFO: 
INFO: 
NOTIC: 
NOTIC: 
NOTIC: 
NOTIC: 
SQL: 
NOTIC: 
SQL: 
SQL: 
NOTIC: 
NOTIC: 
INFO: 
INFO: 
INFO: 
INFO: 
NOTIC: 
INFO: 
INFO: 
INFO: 
INFO: 
INFO: 
INFO: 
INFO: 
INFO: 
INFO: 
INFO: 
INFO: 

[ 2017-06-02T23:17:35+08:00 ] 127.0.0.1 /index.php?g=WeChat
NOTIC: 
INFO: 
INFO: 
INFO: 
INFO: 
NOTIC: 
NOTIC: 
NOTIC: 
NOTIC: 
SQL: 
NOTIC: 
SQL: 
SQL: 
NOTIC: 
NOTIC: 
INFO: 
INFO: 
INFO: 
INFO: 
NOTIC: 
INFO: 
INFO: 
INFO: 
INFO: 
INFO: 
INFO: 
INFO: 
INFO: 
INFO: 
INFO: 
INFO: 

[ 2017-06-02T23:18:47+08:00 ] 127.0.0.1 /index.php?g=WeChat
NOTIC: 
INFO: 
INFO: 
INFO: 
INFO: 
NOTIC: 
NOTIC: 
NOTIC: 
NOTIC: 
SQL: 
NOTIC: 
SQL: 
SQL: 
NOTIC: 
NOTIC: 
INFO: 
INFO: 
INFO: 
INFO: 
NOTIC: 
INFO: 
INFO: 
INFO: 
INFO: 
INFO: 
INFO: 
INFO: 
INFO: 
INFO: 
INFO: 
INFO: 

[ 2017-06-02T23:19:48+08:00 ] 127.0.0.1 /index.php?g=WeChat
NOTIC: 
INFO: 
INFO: 
INFO: 
INFO: 
NOTIC: 
NOTIC: 
NOTIC: 
NOTIC: 
SQL: 
NOTIC: 
SQL: 
SQL: 
NOTIC: 
NOTIC: 
INFO: 
INFO: 
INFO: 
INFO: 
NOTIC: 
INFO: 
INFO: 
INFO: 
INFO: 
INFO: 
INFO: 
INFO: 
INFO: 
INFO: 
INFO: 
INFO: 

[ 2017-06-02T23:20:25+08:00 ] 127.0.0.1 /index.php?g=WeChat
NOTIC: 
INFO: 
INFO: 
INFO: 
INFO: 
NOTIC: 
NOTIC: 
NOTIC: 
NOTIC: 
SQL: 
NOTIC: 
SQL: 
SQL: 
NOTIC: 
NOTIC: 
INFO: 
INFO: 
INFO: 
INFO: 
NOTIC: 
INFO: 
INFO: 
INFO: 
INFO: 
INFO: 
INFO: 
INFO: 
INFO: 
INFO: 
INFO: 
INFO: 

[ 2017-06-02T23:21:25+08:00 ] 127.0.0.1 /index.php?g=WeChat
NOTIC: 
INFO: 
INFO: 
INFO: 
INFO: 
NOTIC: 
NOTIC: 
NOTIC: 
NOTIC: 
SQL: 
NOTIC: 
SQL: 
SQL: 
NOTIC: 
NOTIC: 
INFO: 
INFO: 
INFO: 
INFO: 
NOTIC: 
INFO: 
INFO: 
INFO: 
INFO: 
INFO: 
INFO: 
INFO: 
INFO: 
INFO: 
INFO: 
INFO: 

[ 2017-06-02T23:22:54+08:00 ] 127.0.0.1 /
NOTIC: 
INFO: 
INFO: 
INFO: 
INFO: 
NOTIC: 
NOTIC: 
NOTIC: 
NOTIC: 
SQL: 
NOTIC: 
SQL: 
SQL: 
NOTIC: 
NOTIC: 
INFO: 
INFO: 
INFO: 
INFO: 
NOTIC: 
NOTIC: 
NOTIC: 
NOTIC: 
NOTIC: 
NOTIC: 
NOTIC: 
NOTIC: 
NOTIC: 
NOTIC: 
NOTIC: 
NOTIC: 
NOTIC: 
NOTIC: 
NOTIC: 
NOTIC: 
NOTIC: 
NOTIC: 
NOTIC: 
NOTIC: 
NOTIC: 
NOTIC: 
NOTIC: 
NOTIC: 
NOTIC: 
NOTIC: 
NOTIC: 
NOTIC: 
NOTIC: 
NOTIC: 
NOTIC: 
NOTIC: 
NOTIC: 
NOTIC: 
NOTIC: 
NOTIC: 
NOTIC: 
NOTIC: 
NOTIC: 
NOTIC: 
NOTIC: 
NOTIC: 
NOTIC: 
NOTIC: 
NOTIC: 
NOTIC: 
NOTIC: 
NOTIC: 
NOTIC: 
NOTIC: 
NOTIC: 
NOTIC: 
NOTIC: 
NOTIC: 
NOTIC: 
SQL: 
SQL: 
SQL: 
SQL: 
SQL: 
SQL: 
SQL: 
SQL: 
SQL: 
NOTIC: 
NOTIC: 
NOTIC: 
NOTIC: 
NOTIC: 
NOTIC: 
NOTIC: 
SQL: 
SQL: 
SQL: 
SQL: 
NOTIC: 
NOTIC: 
NOTIC: 
NOTIC: 
NOTIC: 
SQL: 
SQL: 
NOTIC: 
NOTIC: 
NOTIC: 
NOTIC: 
NOTIC: 
NOTIC: 
NOTIC: 
NOTIC: 
NOTIC: 
NOTIC: 
NOTIC: 
NOTIC: 
SQL: 
SQL: 
NOTIC: 
NOTIC: 
NOTIC: 
NOTIC: 
INFO: 
INFO: 
INFO: 
INFO: 
INFO: 
INFO: 
INFO: 
INFO: 
INFO: 
INFO: 
INFO: 

[ 2017-06-02T23:24:01+08:00 ] 127.0.0.1 /
NOTIC: 
INFO: 
INFO: 
INFO: 
INFO: 
NOTIC: 
NOTIC: 
NOTIC: 
NOTIC: 
SQL: 
NOTIC: 
SQL: 
SQL: 
NOTIC: 
NOTIC: 
INFO: 
INFO: 
INFO: 
INFO: 
NOTIC: 
NOTIC: 
NOTIC: 
NOTIC: 
NOTIC: 
NOTIC: 
NOTIC: 
NOTIC: 
NOTIC: 
NOTIC: 
NOTIC: 
NOTIC: 
NOTIC: 
NOTIC: 
NOTIC: 
NOTIC: 
NOTIC: 
NOTIC: 
NOTIC: 
NOTIC: 
NOTIC: 
NOTIC: 
NOTIC: 
NOTIC: 
NOTIC: 
NOTIC: 
NOTIC: 
NOTIC: 
NOTIC: 
NOTIC: 
NOTIC: 
NOTIC: 
NOTIC: 
NOTIC: 
NOTIC: 
NOTIC: 
NOTIC: 
NOTIC: 
NOTIC: 
NOTIC: 
NOTIC: 
NOTIC: 
NOTIC: 
NOTIC: 
NOTIC: 
NOTIC: 
NOTIC: 
NOTIC: 
NOTIC: 
NOTIC: 
NOTIC: 
NOTIC: 
NOTIC: 
NOTIC: 
NOTIC: 
SQL: 
SQL: 
SQL: 
SQL: 
SQL: 
SQL: 
SQL: 
SQL: 
SQL: 
NOTIC: 
NOTIC: 
NOTIC: 
NOTIC: 
NOTIC: 
NOTIC: 
NOTIC: 
SQL: 
SQL: 
SQL: 
SQL: 
NOTIC: 
NOTIC: 
NOTIC: 
NOTIC: 
NOTIC: 
SQL: 
SQL: 
NOTIC: 
NOTIC: 
NOTIC: 
NOTIC: 
NOTIC: 
NOTIC: 
NOTIC: 
NOTIC: 
NOTIC: 
NOTIC: 
NOTIC: 
NOTIC: 
SQL: 
SQL: 
NOTIC: 
NOTIC: 
NOTIC: 
NOTIC: 
INFO: 
INFO: 
INFO: 
INFO: 
INFO: 
INFO: 
INFO: 
INFO: 
INFO: 
INFO: 
INFO: 

[ 2017-06-02T23:24:27+08:00 ] 127.0.0.1 /
NOTIC: 
INFO: 
INFO: 
INFO: 
INFO: 
NOTIC: 
NOTIC: 
NOTIC: 
NOTIC: 
SQL: 
NOTIC: 
SQL: 
SQL: 
NOTIC: 
NOTIC: 
INFO: 
INFO: 
INFO: 
INFO: 
NOTIC: 
NOTIC: 
NOTIC: 
NOTIC: 
NOTIC: 
NOTIC: 
NOTIC: 
NOTIC: 
NOTIC: 
NOTIC: 
NOTIC: 
NOTIC: 
NOTIC: 
NOTIC: 
NOTIC: 
NOTIC: 
NOTIC: 
NOTIC: 
NOTIC: 
NOTIC: 
NOTIC: 
NOTIC: 
NOTIC: 
NOTIC: 
NOTIC: 
NOTIC: 
NOTIC: 
NOTIC: 
NOTIC: 
NOTIC: 
NOTIC: 
NOTIC: 
NOTIC: 
NOTIC: 
NOTIC: 
NOTIC: 
NOTIC: 
NOTIC: 
NOTIC: 
NOTIC: 
NOTIC: 
NOTIC: 
NOTIC: 
NOTIC: 
NOTIC: 
NOTIC: 
NOTIC: 
NOTIC: 
NOTIC: 
NOTIC: 
NOTIC: 
NOTIC: 
NOTIC: 
NOTIC: 
NOTIC: 
SQL: 
SQL: 
SQL: 
SQL: 
SQL: 
SQL: 
SQL: 
SQL: 
SQL: 
NOTIC: 
NOTIC: 
NOTIC: 
NOTIC: 
NOTIC: 
NOTIC: 
NOTIC: 
SQL: 
SQL: 
SQL: 
SQL: 
NOTIC: 
NOTIC: 
NOTIC: 
NOTIC: 
NOTIC: 
SQL: 
SQL: 
NOTIC: 
NOTIC: 
NOTIC: 
NOTIC: 
NOTIC: 
NOTIC: 
NOTIC: 
NOTIC: 
NOTIC: 
NOTIC: 
NOTIC: 
NOTIC: 
SQL: 
SQL: 
NOTIC: 
NOTIC: 
NOTIC: 
NOTIC: 
INFO: 
INFO: 
INFO: 
INFO: 
INFO: 
INFO: 
INFO: 
INFO: 
INFO: 
INFO: 
INFO: 

[ 2017-06-02T23:24:54+08:00 ] 127.0.0.1 /index.php?g=WeChat
NOTIC: 
INFO: 
INFO: 
INFO: 
INFO: 
NOTIC: 
NOTIC: 
NOTIC: 
NOTIC: 
SQL: 
NOTIC: 
SQL: 
SQL: 
NOTIC: 
NOTIC: 
INFO: 
INFO: 
INFO: 
INFO: 
NOTIC: 
INFO: 
INFO: 
INFO: 
INFO: 
INFO: 
INFO: 
INFO: 
INFO: 
INFO: 
INFO: 
INFO: 

[ 2017-06-02T23:25:24+08:00 ] 127.0.0.1 /index.php?g=WeChat
NOTIC: 
INFO: 
INFO: 
INFO: 
INFO: 
NOTIC: 
NOTIC: 
NOTIC: 
NOTIC: 
SQL: 
NOTIC: 
SQL: 
SQL: 
NOTIC: 
NOTIC: 
INFO: 
INFO: 
INFO: 
INFO: 
NOTIC: 
INFO: 
INFO: 
INFO: 
INFO: 
INFO: 
INFO: 
INFO: 
INFO: 
INFO: 
INFO: 
INFO: 

[ 2017-06-02T23:26:31+08:00 ] 127.0.0.1 /index.php?g=WeChat
NOTIC: 
INFO: 
INFO: 
INFO: 
INFO: 
NOTIC: 
NOTIC: 
NOTIC: 
NOTIC: 
SQL: 
NOTIC: 
SQL: 
SQL: 
NOTIC: 
NOTIC: 
INFO: 
INFO: 
INFO: 
INFO: 
NOTIC: 
INFO: 
INFO: 
INFO: 
INFO: 
INFO: 
INFO: 
INFO: 
INFO: 
INFO: 
INFO: 
INFO: 

[ 2017-06-02T23:27:45+08:00 ] 127.0.0.1 /index.php?g=WeChat
NOTIC: 
INFO: 
INFO: 
INFO: 
INFO: 
NOTIC: 
NOTIC: 
NOTIC: 
NOTIC: 
SQL: 
NOTIC: 
SQL: 
SQL: 
NOTIC: 
NOTIC: 
INFO: 
INFO: 
INFO: 
INFO: 
NOTIC: 
INFO: 
INFO: 
INFO: 
INFO: 
INFO: 
INFO: 
INFO: 
INFO: 
INFO: 
INFO: 
INFO: 

[ 2017-06-02T23:29:47+08:00 ] 127.0.0.1 /index.php?g=WeChat
NOTIC: 
INFO: 
INFO: 
INFO: 
INFO: 
NOTIC: 
NOTIC: 
NOTIC: 
NOTIC: 
SQL: 
NOTIC: 
SQL: 
SQL: 
NOTIC: 
NOTIC: 
INFO: 
INFO: 
INFO: 
INFO: 
NOTIC: 
INFO: 
INFO: 
INFO: 
INFO: 
INFO: 
INFO: 
INFO: 
INFO: 
INFO: 
INFO: 
INFO: 

[ 2017-06-02T23:30:04+08:00 ] 127.0.0.1 /index.php?g=WeChat
NOTIC: 
INFO: 
INFO: 
INFO: 
INFO: 
NOTIC: 
NOTIC: 
NOTIC: 
NOTIC: 
SQL: 
NOTIC: 
SQL: 
SQL: 
NOTIC: 
NOTIC: 
INFO: 
INFO: 
INFO: 
INFO: 
NOTIC: 
INFO: 
INFO: 
INFO: 
INFO: 
INFO: 
INFO: 
INFO: 
INFO: 
INFO: 
INFO: 
INFO: 

[ 2017-06-02T23:33:52+08:00 ] 127.0.0.1 /index.php?g=WeChat
NOTIC: 
INFO: 
INFO: 
INFO: 
INFO: 
NOTIC: 
NOTIC: 
NOTIC: 
NOTIC: 
SQL: 
NOTIC: 
SQL: 
SQL: 
NOTIC: 
NOTIC: 
INFO: 
INFO: 
INFO: 
INFO: 
NOTIC: 
INFO: 
INFO: 
INFO: 
INFO: 
INFO: 
INFO: 
INFO: 
INFO: 
INFO: 
INFO: 
INFO: 

[ 2017-06-02T23:39:25+08:00 ] 127.0.0.1 /index.php?g=WeChat
NOTIC: 
INFO: 
INFO: 
INFO: 
INFO: 
NOTIC: 
NOTIC: 
NOTIC: 
NOTIC: 
SQL: 
NOTIC: 
SQL: 
SQL: 
NOTIC: 
NOTIC: 
INFO: 
INFO: 
INFO: 
INFO: 
NOTIC: 
INFO: 
INFO: 
INFO: 
INFO: 
INFO: 
INFO: 
INFO: 
INFO: 
INFO: 
INFO: 
INFO: 

[ 2017-06-02T23:40:22+08:00 ] 127.0.0.1 /index.php?g=WeChat
NOTIC: 
INFO: 
INFO: 
INFO: 
INFO: 
NOTIC: 
NOTIC: 
NOTIC: 
NOTIC: 
SQL: 
NOTIC: 
SQL: 
SQL: 
NOTIC: 
NOTIC: 
INFO: 
INFO: 
INFO: 
INFO: 
NOTIC: 
INFO: 
INFO: 
INFO: 
INFO: 
INFO: 
INFO: 
INFO: 
INFO: 
INFO: 
INFO: 
INFO: 

[ 2017-06-02T23:42:07+08:00 ] 127.0.0.1 /index.php?g=WeChat
NOTIC: 
INFO: 
INFO: 
INFO: 
INFO: 
NOTIC: 
NOTIC: 
NOTIC: 
NOTIC: 
SQL: 
NOTIC: 
SQL: 
SQL: 
NOTIC: 
NOTIC: 
INFO: 
INFO: 
INFO: 
INFO: 
NOTIC: 
INFO: 
INFO: 
INFO: 
INFO: 
INFO: 
INFO: 
INFO: 
INFO: 
INFO: 
INFO: 
INFO: 

